<?xml version="1.0" encoding="UTF-8"?>
<!-- Generated by org.testng.reporters.JUnitReportReporter -->
<testsuite skipped="0" hostname="LAPTOP-1RVP35KV" name="com.acquis.test.CRUDClass" tests="4" failures="0" timestamp="15 May 2021 22:54:20 GMT" time="3.341" errors="0">
  <testcase name="TC_getUsers" time="1.621" classname="com.acquis.test.CRUDClass"/>
  <testcase name="TC_postUsers" time="0.928" classname="com.acquis.test.CRUDClass"/>
  <testcase name="TC_putUsers" time="0.378" classname="com.acquis.test.CRUDClass"/>
  <testcase name="deleteUser" time="0.414" classname="com.acquis.test.CRUDClass"/>
</testsuite> <!-- com.acquis.test.CRUDClass -->
