<?xml version="1.0" encoding="UTF-8"?>
<!-- Generated by org.testng.reporters.JUnitReportReporter -->
<testsuite skipped="0" hostname="LAPTOP-1RVP35KV" name="com.acquis.test.PostClass" tests="4" failures="0" timestamp="15 May 2021 22:18:17 GMT" time="3.237" errors="0">
  <testcase name="TC_getUsers" time="1.490" classname="com.acquis.test.PostClass"/>
  <testcase name="TC_postUsers" time="0.935" classname="com.acquis.test.PostClass"/>
  <testcase name="TC_putUsers" time="0.424" classname="com.acquis.test.PostClass"/>
  <testcase name="deleteUser" time="0.388" classname="com.acquis.test.PostClass"/>
</testsuite> <!-- com.acquis.test.PostClass -->
